platforms/android/app/build/outputs/logs/manifest-merger-debug-report.txt
-- Merging decision tree log ---
manifest
ADDED from src/main/AndroidManifest.xml:2:1-30:12
INJECTED from src/main/AndroidManifest.xml:2:1-30:12
INJECTED from src/main/AndroidManifest.xml:2:1-30:12
INJECTED from src/main/AndroidManifest.xml:2:1-30:12
MERGED from [com.android.support:multidex:1.0.3] AndroidManifest.xml:17:1-22:12
MERGED from [com.vdopia.ads.lw:cordova-plugin:1.0.6] AndroidManifest.xml:2:1-18:12
MERGED from [com.vdopia.ads.lw:coresdk:2.5.5.1] AndroidManifest.xml:2:1-52:12
MERGED from [com.vdopia.ads.lw:adcolony-adapter:1.0.8] AndroidManifest.xml:2:1-40:12
MERGED from [com.vdopia.ads.lw:applovin-adapter:1.0.9] AndroidManifest.xml:2:1-43:12
MERGED from [com.vdopia.ads.lw:baidu-adapter:1.0.6] AndroidManifest.xml:2:1-50:12
MERGED from [com.vdopia.ads.lw:chartboost-adapter:1.0.8] AndroidManifest.xml:2:1-38:12
MERGED from [com.vdopia.ads.lw:facebook-adapter:1.0.6] AndroidManifest.xml:2:1-30:12
MERGED from [com.vdopia.ads.lw:google-adapter:1.1.0] AndroidManifest.xml:2:1-30:12
MERGED from [com.vdopia.ads.lw:inmobi-adapter:1.0.9] AndroidManifest.xml:2:1-40:12
MERGED from [com.vdopia.ads.lw:mopub-adapter:1.0.9] AndroidManifest.xml:2:1-48:12
MERGED from [com.vdopia.ads.lw:ogury-adapter:1.0.5] AndroidManifest.xml:2:1-66:12
MERGED from [com.vdopia.ads.lw:youappi-adapter:1.0.6] AndroidManifest.xml:2:1-35:12
MERGED from [com.vdopia.ads.lw:tapjoy-adapter:1.0.6] AndroidManifest.xml:2:1-48:12
MERGED from [com.vdopia.ads.lw:unity-adapter:1.1.0] AndroidManifest.xml:2:1-52:12
MERGED from [com.vdopia.ads.lw:vungle-adapter:1.0.6] AndroidManifest.xml:2:1-43:12
MERGED from [com.vdopia.ads.lw:yahoo-adapter:1.0.8] AndroidManifest.xml:2:1-30:12
MERGED from [com.github.vungle:vungle-android-sdk:6.2.15] AndroidManifest.xml:2:1-31:12
MERGED from [com.devbrackets.android:exomedia:4.0.3] AndroidManifest.xml:2:1-14:12
MERGED from [com.adcolony:sdk:3.3.5] AndroidManifest.xml:2:1-13:12
MERGED from [com.youappi.sdk:youappi-sdk-android-moat:4.2.1] AndroidManifest.xml:2:1-22:12
MERGED from [com.mopub:mopub-sdk:4.19.0] AndroidManifest.xml:2:1-13:12
MERGED from [com.facebook.android:audience-network-sdk:4.99.1] AndroidManifest.xml:2:1-20:12
MERGED from [com.google.android.gms:play-services-ads:15.0.1] AndroidManifest.xml:17:1-25:12
MERGED from [com.google.android.gms:play-services-gcm:15.0.1] AndroidManifest.xml:17:1-28:12
MERGED from [com.android.support:appcompat-v7:27.1.1] AndroidManifest.xml:17:1-22:12
MERGED from [com.mopub:mopub-sdk-banner:4.19.0] AndroidManifest.xml:2:1-13:12
MERGED from [com.mopub:mopub-sdk-rewardedvideo:4.19.0] AndroidManifest.xml:2:1-13:12
MERGED from [com.mopub:mopub-sdk-interstitial:4.19.0] AndroidManifest.xml:2:1-13:12
MERGED from [com.mopub:mopub-sdk-native-video:4.19.0] AndroidManifest.xml:2:1-13:12
MERGED from [com.mopub:mopub-sdk-native-static:4.19.0] AndroidManifest.xml:2:1-13:12
MERGED from [com.mopub:mopub-sdk-base:4.19.0] AndroidManifest.xml:2:1-13:12
MERGED from [com.android.support:recyclerview-v7:27.1.1] AndroidManifest.xml:17:1-22:12
MERGED from [com.evernote:android-job:1.2.0] AndroidManifest.xml:2:1-65:12
MERGED from [com.google.android.gms:play-services-iid:15.0.1] AndroidManifest.xml:17:1-28:12
MERGED from [com.google.android.gms:play-services-base:15.0.1] AndroidManifest.xml:17:1-29:12
MERGED from [com.google.android.gms:play-services-stats:15.0.1] AndroidManifest.xml:2:1-9:12
MERGED from [com.google.android.gms:play-services-tasks:15.0.1] AndroidManifest.xml:2:1-9:12
MERGED from [com.google.android.gms:play-services-ads-identifier:15.0.1] AndroidManifest.xml:17:1-24:12
MERGED from [com.google.android.gms:play-services-gass:15.0.1] AndroidManifest.xml:2:1-9:12
MERGED from [com.google.android.gms:play-services-ads-lite:15.0.1] AndroidManifest.xml:17:1-36:12
MERGED from [com.google.android.gms:play-services-basement:15.0.1] AndroidManifest.xml:17:1-28:12
MERGED from [com.android.support:support-v4:27.1.1] AndroidManifest.xml:17:1-22:12
MERGED from [com.android.support:palette-v7:27.1.1] AndroidManifest.xml:17:1-22:12
MERGED from [com.android.support:support-fragment:27.1.1] AndroidManifest.xml:17:1-22:12
MERGED from [com.android.support:animated-vector-drawable:27.1.1] AndroidManifest.xml:17:1-22:12
MERGED from [com.android.support:customtabs:27.1.1] AndroidManifest.xml:17:1-22:12
MERGED from [com.android.support:support-core-ui:27.1.1] AndroidManifest.xml:17:1-22:12
MERGED from [com.google.android.exoplayer:exoplayer:r2.4.4] AndroidManifest.xml:17:1-25:12
MERGED from [com.google.android.exoplayer:exoplayer-dash:r2.4.4] AndroidManifest.xml:17:1-25:12
MERGED from [com.android.support:support-core-utils:27.1.1] AndroidManifest.xml:17:1-22:12
MERGED from [com.android.support:support-vector-drawable:27.1.1] AndroidManifest.xml:17:1-22:12
MERGED from [com.android.support:support-media-compat:27.1.1] AndroidManifest.xml:17:1-22:12
MERGED from [com.android.support:support-compat:27.1.1] AndroidManifest.xml:17:1-22:12
MERGED from [net.vrallev.android:cat:1.0.5] AndroidManifest.xml:2:1-11:12
MERGED from [com.google.android.exoplayer:exoplayer-ui:r2.4.4] AndroidManifest.xml:17:1-25:12
MERGED from [com.google.android.exoplayer:exoplayer-hls:r2.4.4] AndroidManifest.xml:17:1-25:12
MERGED from [com.google.android.exoplayer:exoplayer-smoothstreaming:r2.4.4] AndroidManifest.xml:17:1-25:12
MERGED from [com.google.android.exoplayer:exoplayer-core:r2.4.4] AndroidManifest.xml:17:1-25:12
MERGED from [:CordovaLib] AndroidManifest.xml:20:1-27:12
MERGED from [com.tonyodev.fetch:fetch:1.1.5] AndroidManifest.xml:2:1-16:12
MERGED from [android.arch.lifecycle:livedata-core:1.1.0] AndroidManifest.xml:17:1-22:12
MERGED from [android.arch.lifecycle:viewmodel:1.1.0] AndroidManifest.xml:17:1-22:12
MERGED from [android.arch.lifecycle:runtime:1.1.0] AndroidManifest.xml:17:1-22:12
MERGED from [android.arch.core:runtime:1.1.0] AndroidManifest.xml:17:1-22:12
MERGED from [com.google.android.gms:play-services-ads-base:15.0.1] AndroidManifest.xml:17:1-24:12
INJECTED from src/main/AndroidManifest.xml:2:1-30:12
INJECTED from src/main/AndroidManifest.xml:2:1-30:12
INJECTED from src/main/AndroidManifest.xml:2:1-30:12
	package
		ADDED from src/main/AndroidManifest.xml:2:102-128
		INJECTED from src/main/AndroidManifest.xml
		INJECTED from src/main/AndroidManifest.xml
	android:versionName
		ADDED from src/main/AndroidManifest.xml:2:74-101
		INJECTED from src/main/AndroidManifest.xml
		INJECTED from src/main/AndroidManifest.xml
	xmlns:tools
		ADDED from src/main/AndroidManifest.xml:2:188-234
	android:hardwareAccelerated
		ADDED from src/main/AndroidManifest.xml:2:11-45
	xmlns:android
		ADDED from src/main/AndroidManifest.xml:2:129-187
	android:versionCode
		ADDED from src/main/AndroidManifest.xml:2:46-73
		INJECTED from src/main/AndroidManifest.xml
		INJECTED from src/main/AndroidManifest.xml
supports-screens
ADDED from src/main/AndroidManifest.xml:3:5-191
	android:largeScreens
		ADDED from src/main/AndroidManifest.xml:3:49-76
	android:smallScreens
		ADDED from src/main/AndroidManifest.xml:3:132-159
	android:normalScreens
		ADDED from src/main/AndroidManifest.xml:3:77-105
	android:xlargeScreens
		ADDED from src/main/AndroidManifest.xml:3:160-188
	android:resizeable
		ADDED from src/main/AndroidManifest.xml:3:106-131
	android:anyDensity
		ADDED from src/main/AndroidManifest.xml:3:23-48
uses-permission#android.permission.INTERNET
ADDED from src/main/AndroidManifest.xml:5:5-66
MERGED from [com.vdopia.ads.lw:cordova-plugin:1.0.6] AndroidManifest.xml:11:5-67
MERGED from [com.vdopia.ads.lw:cordova-plugin:1.0.6] AndroidManifest.xml:11:5-67
MERGED from [com.vdopia.ads.lw:coresdk:2.5.5.1] AndroidManifest.xml:11:5-67
MERGED from [com.vdopia.ads.lw:coresdk:2.5.5.1] AndroidManifest.xml:11:5-67
MERGED from [com.vdopia.ads.lw:adcolony-adapter:1.0.8] AndroidManifest.xml:11:5-67
MERGED from [com.vdopia.ads.lw:adcolony-adapter:1.0.8] AndroidManifest.xml:11:5-67
MERGED from [com.vdopia.ads.lw:applovin-adapter:1.0.9] AndroidManifest.xml:11:5-67
MERGED from [com.vdopia.ads.lw:applovin-adapter:1.0.9] AndroidManifest.xml:11:5-67
MERGED from [com.vdopia.ads.lw:baidu-adapter:1.0.6] AndroidManifest.xml:18:5-67
MERGED from [com.vdopia.ads.lw:baidu-adapter:1.0.6] AndroidManifest.xml:18:5-67
MERGED from [com.vdopia.ads.lw:chartboost-adapter:1.0.8] AndroidManifest.xml:11:5-67
MERGED from [com.vdopia.ads.lw:chartboost-adapter:1.0.8] AndroidManifest.xml:11:5-67
MERGED from [com.vdopia.ads.lw:facebook-adapter:1.0.6] AndroidManifest.xml:11:5-67
MERGED from [com.vdopia.ads.lw:facebook-adapter:1.0.6] AndroidManifest.xml:11:5-67
MERGED from [com.vdopia.ads.lw:google-adapter:1.1.0] AndroidManifest.xml:11:5-67
MERGED from [com.vdopia.ads.lw:google-adapter:1.1.0] AndroidManifest.xml:11:5-67
MERGED from [com.vdopia.ads.lw:inmobi-adapter:1.0.9] AndroidManifest.xml:12:5-67
MERGED from [com.vdopia.ads.lw:inmobi-adapter:1.0.9] AndroidManifest.xml:12:5-67
MERGED from [com.vdopia.ads.lw:mopub-adapter:1.0.9] AndroidManifest.xml:12:5-67
MERGED from [com.vdopia.ads.lw:mopub-adapter:1.0.9] AndroidManifest.xml:12:5-67
MERGED from [com.vdopia.ads.lw:ogury-adapter:1.0.5] AndroidManifest.xml:18:5-67
MERGED from [com.vdopia.ads.lw:ogury-adapter:1.0.5] AndroidManifest.xml:18:5-67
MERGED from [com.vdopia.ads.lw:youappi-adapter:1.0.6] AndroidManifest.xml:12:5-67
MERGED from [com.vdopia.ads.lw:youappi-adapter:1.0.6] AndroidManifest.xml:12:5-67
MERGED from [com.vdopia.ads.lw:tapjoy-adapter:1.0.6] AndroidManifest.xml:11:5-67
MERGED from [com.vdopia.ads.lw:tapjoy-adapter:1.0.6] AndroidManifest.xml:11:5-67
MERGED from [com.vdopia.ads.lw:unity-adapter:1.1.0] AndroidManifest.xml:11:5-67
MERGED from [com.vdopia.ads.lw:unity-adapter:1.1.0] AndroidManifest.xml:11:5-67
MERGED from [com.vdopia.ads.lw:vungle-adapter:1.0.6] AndroidManifest.xml:12:5-67
MERGED from [com.vdopia.ads.lw:vungle-adapter:1.0.6] AndroidManifest.xml:12:5-67
MERGED from [com.vdopia.ads.lw:yahoo-adapter:1.0.8] AndroidManifest.xml:11:5-67
MERGED from [com.vdopia.ads.lw:yahoo-adapter:1.0.8] AndroidManifest.xml:11:5-67
MERGED from [com.youappi.sdk:youappi-sdk-android-moat:4.2.1] AndroidManifest.xml:12:5-67
MERGED from [com.youappi.sdk:youappi-sdk-android-moat:4.2.1] AndroidManifest.xml:12:5-67
MERGED from [com.facebook.android:audience-network-sdk:4.99.1] AndroidManifest.xml:11:5-67
MERGED from [com.facebook.android:audience-network-sdk:4.99.1] AndroidManifest.xml:11:5-67
MERGED from [com.google.android.gms:play-services-gcm:15.0.1] AndroidManifest.xml:24:5-67
MERGED from [com.google.android.gms:play-services-gcm:15.0.1] AndroidManifest.xml:24:5-67
MERGED from [com.google.android.gms:play-services-iid:15.0.1] AndroidManifest.xml:24:5-67
MERGED from [com.google.android.gms:play-services-iid:15.0.1] AndroidManifest.xml:24:5-67
MERGED from [com.google.android.gms:play-services-ads-lite:15.0.1] AndroidManifest.xml:23:5-67
MERGED from [com.google.android.gms:play-services-ads-lite:15.0.1] AndroidManifest.xml:23:5-67
MERGED from [com.tonyodev.fetch:fetch:1.1.5] AndroidManifest.xml:11:5-67
MERGED from [com.tonyodev.fetch:fetch:1.1.5] AndroidManifest.xml:11:5-67
	android:name
		ADDED from src/main/AndroidManifest.xml:5:22-64
uses-permission#android.permission.ACCESS_NETWORK_STATE
ADDED from src/main/AndroidManifest.xml:6:5-78
MERGED from [com.vdopia.ads.lw:cordova-plugin:1.0.6] AndroidManifest.xml:12:5-79
MERGED from [com.vdopia.ads.lw:cordova-plugin:1.0.6] AndroidManifest.xml:12:5-79
MERGED from [com.vdopia.ads.lw:coresdk:2.5.5.1] AndroidManifest.xml:12:5-79
MERGED from [com.vdopia.ads.lw:coresdk:2.5.5.1] AndroidManifest.xml:12:5-79
MERGED from [com.vdopia.ads.lw:adcolony-adapter:1.0.8] AndroidManifest.xml:12:5-79
MERGED from [com.vdopia.ads.lw:adcolony-adapter:1.0.8] AndroidManifest.xml:12:5-79
MERGED from [com.vdopia.ads.lw:applovin-adapter:1.0.9] AndroidManifest.xml:12:5-79
MERGED from [com.vdopia.ads.lw:applovin-adapter:1.0.9] AndroidManifest.xml:12:5-79
MERGED from [com.vdopia.ads.lw:baidu-adapter:1.0.6] AndroidManifest.xml:19:5-79
MERGED from [com.vdopia.ads.lw:baidu-adapter:1.0.6] AndroidManifest.xml:19:5-79
MERGED from [com.vdopia.ads.lw:chartboost-adapter:1.0.8] AndroidManifest.xml:12:5-79
MERGED from [com.vdopia.ads.lw:chartboost-adapter:1.0.8] AndroidManifest.xml:12:5-79
MERGED from [com.vdopia.ads.lw:facebook-adapter:1.0.6] AndroidManifest.xml:12:5-79
MERGED from [com.vdopia.ads.lw:facebook-adapter:1.0.6] AndroidManifest.xml:12:5-79
MERGED from [com.vdopia.ads.lw:google-adapter:1.1.0] AndroidManifest.xml:12:5-79
MERGED from [com.vdopia.ads.lw:google-adapter:1.1.0] AndroidManifest.xml:12:5-79
MERGED from [com.vdopia.ads.lw:inmobi-adapter:1.0.9] AndroidManifest.xml:13:5-79
MERGED from [com.vdopia.ads.lw:inmobi-adapter:1.0.9] AndroidManifest.xml:13:5-79
MERGED from [com.vdopia.ads.lw:mopub-adapter:1.0.9] AndroidManifest.xml:13:5-79
MERGED from [com.vdopia.ads.lw:mopub-adapter:1.0.9] AndroidManifest.xml:13:5-79
MERGED from [com.vdopia.ads.lw:ogury-adapter:1.0.5] AndroidManifest.xml:19:5-79
MERGED from [com.vdopia.ads.lw:ogury-adapter:1.0.5] AndroidManifest.xml:19:5-79
MERGED from [com.vdopia.ads.lw:youappi-adapter:1.0.6] AndroidManifest.xml:13:5-79
MERGED from [com.vdopia.ads.lw:youappi-adapter:1.0.6] AndroidManifest.xml:13:5-79
MERGED from [com.vdopia.ads.lw:tapjoy-adapter:1.0.6] AndroidManifest.xml:12:5-79
MERGED from [com.vdopia.ads.lw:tapjoy-adapter:1.0.6] AndroidManifest.xml:12:5-79
MERGED from [com.vdopia.ads.lw:unity-adapter:1.1.0] AndroidManifest.xml:12:5-79
MERGED from [com.vdopia.ads.lw:unity-adapter:1.1.0] AndroidManifest.xml:12:5-79
MERGED from [com.vdopia.ads.lw:vungle-adapter:1.0.6] AndroidManifest.xml:13:5-79
MERGED from [com.vdopia.ads.lw:vungle-adapter:1.0.6] AndroidManifest.xml:13:5-79
MERGED from [com.vdopia.ads.lw:yahoo-adapter:1.0.8] AndroidManifest.xml:12:5-79
MERGED from [com.vdopia.ads.lw:yahoo-adapter:1.0.8] AndroidManifest.xml:12:5-79
MERGED from [com.github.vungle:vungle-android-sdk:6.2.15] AndroidManifest.xml:13:5-79
MERGED from [com.github.vungle:vungle-android-sdk:6.2.15] AndroidManifest.xml:13:5-79
MERGED from [com.youappi.sdk:youappi-sdk-android-moat:4.2.1] AndroidManifest.xml:11:5-79
MERGED from [com.youappi.sdk:youappi-sdk-android-moat:4.2.1] AndroidManifest.xml:11:5-79
MERGED from [com.facebook.android:audience-network-sdk:4.99.1] AndroidManifest.xml:12:5-79
MERGED from [com.facebook.android:audience-network-sdk:4.99.1] AndroidManifest.xml:12:5-79
MERGED from [com.evernote:android-job:1.2.0] AndroidManifest.xml:13:5-79
MERGED from [com.evernote:android-job:1.2.0] AndroidManifest.xml:13:5-79
MERGED from [com.google.android.gms:play-services-ads-lite:15.0.1] AndroidManifest.xml:24:5-79
MERGED from [com.google.android.gms:play-services-ads-lite:15.0.1] AndroidManifest.xml:24:5-79
MERGED from [com.tonyodev.fetch:fetch:1.1.5] AndroidManifest.xml:12:5-79
MERGED from [com.tonyodev.fetch:fetch:1.1.5] AndroidManifest.xml:12:5-79
	android:name
		ADDED from src/main/AndroidManifest.xml:6:22-76
uses-permission#android.permission.ACCESS_WIFI_STATE
ADDED from src/main/AndroidManifest.xml:7:5-75
MERGED from [com.vdopia.ads.lw:cordova-plugin:1.0.6] AndroidManifest.xml:13:5-76
MERGED from [com.vdopia.ads.lw:cordova-plugin:1.0.6] AndroidManifest.xml:13:5-76
MERGED from [com.vdopia.ads.lw:coresdk:2.5.5.1] AndroidManifest.xml:13:5-76
MERGED from [com.vdopia.ads.lw:coresdk:2.5.5.1] AndroidManifest.xml:13:5-76
MERGED from [com.vdopia.ads.lw:adcolony-adapter:1.0.8] AndroidManifest.xml:13:5-76
MERGED from [com.vdopia.ads.lw:adcolony-adapter:1.0.8] AndroidManifest.xml:13:5-76
MERGED from [com.vdopia.ads.lw:applovin-adapter:1.0.9] AndroidManifest.xml:13:5-76
MERGED from [com.vdopia.ads.lw:applovin-adapter:1.0.9] AndroidManifest.xml:13:5-76
MERGED from [com.vdopia.ads.lw:baidu-adapter:1.0.6] AndroidManifest.xml:17:5-76
MERGED from [com.vdopia.ads.lw:baidu-adapter:1.0.6] AndroidManifest.xml:17:5-76
MERGED from [com.vdopia.ads.lw:chartboost-adapter:1.0.8] AndroidManifest.xml:13:5-76
MERGED from [com.vdopia.ads.lw:chartboost-adapter:1.0.8] AndroidManifest.xml:13:5-76
MERGED from [com.vdopia.ads.lw:facebook-adapter:1.0.6] AndroidManifest.xml:13:5-76
MERGED from [com.vdopia.ads.lw:facebook-adapter:1.0.6] AndroidManifest.xml:13:5-76
MERGED from [com.vdopia.ads.lw:google-adapter:1.1.0] AndroidManifest.xml:13:5-76
MERGED from [com.vdopia.ads.lw:google-adapter:1.1.0] AndroidManifest.xml:13:5-76
MERGED from [com.vdopia.ads.lw:inmobi-adapter:1.0.9] AndroidManifest.xml:14:5-76
MERGED from [com.vdopia.ads.lw:inmobi-adapter:1.0.9] AndroidManifest.xml:14:5-76
MERGED from [com.vdopia.ads.lw:mopub-adapter:1.0.9] AndroidManifest.xml:14:5-76
MERGED from [com.vdopia.ads.lw:mopub-adapter:1.0.9] AndroidManifest.xml:14:5-76
MERGED from [com.vdopia.ads.lw:youappi-adapter:1.0.6] AndroidManifest.xml:14:5-76
MERGED from [com.vdopia.ads.lw:youappi-adapter:1.0.6] AndroidManifest.xml:14:5-76
MERGED from [com.vdopia.ads.lw:tapjoy-adapter:1.0.6] AndroidManifest.xml:13:5-76
MERGED from [com.vdopia.ads.lw:tapjoy-adapter:1.0.6] AndroidManifest.xml:13:5-76
MERGED from [com.vdopia.ads.lw:unity-adapter:1.1.0] AndroidManifest.xml:13:5-76
MERGED from [com.vdopia.ads.lw:unity-adapter:1.1.0] AndroidManifest.xml:13:5-76
MERGED from [com.vdopia.ads.lw:vungle-adapter:1.0.6] AndroidManifest.xml:14:5-76
MERGED from [com.vdopia.ads.lw:vungle-adapter:1.0.6] AndroidManifest.xml:14:5-76
MERGED from [com.vdopia.ads.lw:yahoo-adapter:1.0.8] AndroidManifest.xml:13:5-76
MERGED from [com.vdopia.ads.lw:yahoo-adapter:1.0.8] AndroidManifest.xml:13:5-76
	android:name
		ADDED from src/main/AndroidManifest.xml:7:22-73
uses-permission#android.permission.GET_ACCOUNTS
ADDED from src/main/AndroidManifest.xml:12:5-91
	tools:node
		ADDED from src/main/AndroidManifest.xml:12:69-88
	android:name
		ADDED from src/main/AndroidManifest.xml:12:22-68
uses-permission#android.permission.WRITE_EXTERNAL_STORAGE
ADDED from src/main/AndroidManifest.xml:13:5-101
REJECTED from [com.youappi.sdk:youappi-sdk-android-moat:4.2.1] AndroidManifest.xml:13:5-81
	tools:node
		ADDED from src/main/AndroidManifest.xml:13:79-98
	android:name
		ADDED from src/main/AndroidManifest.xml:13:22-78
uses-permission#android.permission.SEND_SMS
ADDED from src/main/AndroidManifest.xml:14:5-87
	tools:node
		ADDED from src/main/AndroidManifest.xml:14:65-84
	android:name
		ADDED from src/main/AndroidManifest.xml:14:22-64
uses-permission#android.permission.CALL_PHONE
ADDED from src/main/AndroidManifest.xml:15:5-89
	tools:node
		ADDED from src/main/AndroidManifest.xml:15:67-86
	android:name
		ADDED from src/main/AndroidManifest.xml:15:22-66
uses-permission#android.permission.READ_PHONE_STATE
ADDED from src/main/AndroidManifest.xml:16:5-95
	tools:node
		ADDED from src/main/AndroidManifest.xml:16:73-92
	android:name
		ADDED from src/main/AndroidManifest.xml:16:22-72
uses-permission#android.permission.READ_CALENDAR
ADDED from src/main/AndroidManifest.xml:17:5-92
	tools:node
		ADDED from src/main/AndroidManifest.xml:17:70-89
	android:name
		ADDED from src/main/AndroidManifest.xml:17:22-69
uses-permission#android.permission.WRITE_CALENDAR
ADDED from src/main/AndroidManifest.xml:18:5-93
	tools:node
		ADDED from src/main/AndroidManifest.xml:18:71-90
	android:name
		ADDED from src/main/AndroidManifest.xml:18:22-70
uses-permission#android.permission.ACCESS_FINE_LOCATION
ADDED from src/main/AndroidManifest.xml:19:5-99
	tools:node
		ADDED from src/main/AndroidManifest.xml:19:77-96
	android:name
		ADDED from src/main/AndroidManifest.xml:19:22-76
uses-permission#android.permission.ACCESS_COARSE_LOCATION
ADDED from src/main/AndroidManifest.xml:20:5-101
	tools:node
		ADDED from src/main/AndroidManifest.xml:20:79-98
	android:name
		ADDED from src/main/AndroidManifest.xml:20:22-78
application
ADDED from src/main/AndroidManifest.xml:21:5-28:19
MERGED from [com.vdopia.ads.lw:cordova-plugin:1.0.6] AndroidManifest.xml:15:5-16:19
MERGED from [com.vdopia.ads.lw:cordova-plugin:1.0.6] AndroidManifest.xml:15:5-16:19
MERGED from [com.vdopia.ads.lw:coresdk:2.5.5.1] AndroidManifest.xml:28:5-50:19
MERGED from [com.vdopia.ads.lw:coresdk:2.5.5.1] AndroidManifest.xml:28:5-50:19
MERGED from [com.vdopia.ads.lw:adcolony-adapter:1.0.8] AndroidManifest.xml:27:5-38:19
MERGED from [com.vdopia.ads.lw:adcolony-adapter:1.0.8] AndroidManifest.xml:27:5-38:19
MERGED from [com.vdopia.ads.lw:applovin-adapter:1.0.9] AndroidManifest.xml:27:5-41:19
MERGED from [com.vdopia.ads.lw:applovin-adapter:1.0.9] AndroidManifest.xml:27:5-41:19
MERGED from [com.vdopia.ads.lw:baidu-adapter:1.0.6] AndroidManifest.xml:21:5-48:19
MERGED from [com.vdopia.ads.lw:baidu-adapter:1.0.6] AndroidManifest.xml:21:5-48:19
MERGED from [com.vdopia.ads.lw:chartboost-adapter:1.0.8] AndroidManifest.xml:27:5-36:19
MERGED from [com.vdopia.ads.lw:chartboost-adapter:1.0.8] AndroidManifest.xml:27:5-36:19
MERGED from [com.vdopia.ads.lw:facebook-adapter:1.0.6] AndroidManifest.xml:27:5-28:19
MERGED from [com.vdopia.ads.lw:facebook-adapter:1.0.6] AndroidManifest.xml:27:5-28:19
MERGED from [com.vdopia.ads.lw:google-adapter:1.1.0] AndroidManifest.xml:27:5-28:19
MERGED from [com.vdopia.ads.lw:google-adapter:1.1.0] AndroidManifest.xml:27:5-28:19
MERGED from [com.vdopia.ads.lw:inmobi-adapter:1.0.9] AndroidManifest.xml:28:5-38:19
MERGED from [com.vdopia.ads.lw:inmobi-adapter:1.0.9] AndroidManifest.xml:28:5-38:19
MERGED from [com.vdopia.ads.lw:mopub-adapter:1.0.9] AndroidManifest.xml:28:5-46:19
MERGED from [com.vdopia.ads.lw:mopub-adapter:1.0.9] AndroidManifest.xml:28:5-46:19
MERGED from [com.vdopia.ads.lw:ogury-adapter:1.0.5] AndroidManifest.xml:22:5-64:19
MERGED from [com.vdopia.ads.lw:ogury-adapter:1.0.5] AndroidManifest.xml:22:5-64:19
MERGED from [com.vdopia.ads.lw:youappi-adapter:1.0.6] AndroidManifest.xml:29:5-33:19
MERGED from [com.vdopia.ads.lw:youappi-adapter:1.0.6] AndroidManifest.xml:29:5-33:19
MERGED from [com.vdopia.ads.lw:tapjoy-adapter:1.0.6] AndroidManifest.xml:27:5-46:19
MERGED from [com.vdopia.ads.lw:tapjoy-adapter:1.0.6] AndroidManifest.xml:27:5-46:19
MERGED from [com.vdopia.ads.lw:unity-adapter:1.1.0] AndroidManifest.xml:27:5-50:19
MERGED from [com.vdopia.ads.lw:unity-adapter:1.1.0] AndroidManifest.xml:27:5-50:19
MERGED from [com.vdopia.ads.lw:vungle-adapter:1.0.6] AndroidManifest.xml:28:5-41:19
MERGED from [com.vdopia.ads.lw:vungle-adapter:1.0.6] AndroidManifest.xml:28:5-41:19
MERGED from [com.vdopia.ads.lw:yahoo-adapter:1.0.8] AndroidManifest.xml:27:5-28:19
MERGED from [com.vdopia.ads.lw:yahoo-adapter:1.0.8] AndroidManifest.xml:27:5-28:19
MERGED from [com.github.vungle:vungle-android-sdk:6.2.15] AndroidManifest.xml:15:5-29:19
MERGED from [com.github.vungle:vungle-android-sdk:6.2.15] AndroidManifest.xml:15:5-29:19
MERGED from [com.devbrackets.android:exomedia:4.0.3] AndroidManifest.xml:12:5-20
MERGED from [com.devbrackets.android:exomedia:4.0.3] AndroidManifest.xml:12:5-20
MERGED from [com.youappi.sdk:youappi-sdk-android-moat:4.2.1] AndroidManifest.xml:16:5-20:19
MERGED from [com.youappi.sdk:youappi-sdk-android-moat:4.2.1] AndroidManifest.xml:16:5-20:19
MERGED from [com.mopub:mopub-sdk:4.19.0] AndroidManifest.xml:11:5-20
MERGED from [com.mopub:mopub-sdk:4.19.0] AndroidManifest.xml:11:5-20
MERGED from [com.facebook.android:audience-network-sdk:4.99.1] AndroidManifest.xml:14:5-18:19
MERGED from [com.facebook.android:audience-network-sdk:4.99.1] AndroidManifest.xml:14:5-18:19
MERGED from [com.google.android.gms:play-services-gcm:15.0.1] AndroidManifest.xml:26:5-20
MERGED from [com.google.android.gms:play-services-gcm:15.0.1] AndroidManifest.xml:26:5-20
MERGED from [com.mopub:mopub-sdk-banner:4.19.0] AndroidManifest.xml:11:5-20
MERGED from [com.mopub:mopub-sdk-banner:4.19.0] AndroidManifest.xml:11:5-20
MERGED from [com.mopub:mopub-sdk-rewardedvideo:4.19.0] AndroidManifest.xml:11:5-20
MERGED from [com.mopub:mopub-sdk-rewardedvideo:4.19.0] AndroidManifest.xml:11:5-20
MERGED from [com.mopub:mopub-sdk-interstitial:4.19.0] AndroidManifest.xml:11:5-20
MERGED from [com.mopub:mopub-sdk-interstitial:4.19.0] AndroidManifest.xml:11:5-20
MERGED from [com.mopub:mopub-sdk-native-video:4.19.0] AndroidManifest.xml:11:5-20
MERGED from [com.mopub:mopub-sdk-native-video:4.19.0] AndroidManifest.xml:11:5-20
MERGED from [com.mopub:mopub-sdk-native-static:4.19.0] AndroidManifest.xml:11:5-20
MERGED from [com.mopub:mopub-sdk-native-static:4.19.0] AndroidManifest.xml:11:5-20
MERGED from [com.mopub:mopub-sdk-base:4.19.0] AndroidManifest.xml:11:5-20
MERGED from [com.mopub:mopub-sdk-base:4.19.0] AndroidManifest.xml:11:5-20
MERGED from [com.evernote:android-job:1.2.0] AndroidManifest.xml:16:5-63:19
MERGED from [com.evernote:android-job:1.2.0] AndroidManifest.xml:16:5-63:19
MERGED from [com.google.android.gms:play-services-iid:15.0.1] AndroidManifest.xml:26:5-20
MERGED from [com.google.android.gms:play-services-iid:15.0.1] AndroidManifest.xml:26:5-20
MERGED from [com.google.android.gms:play-services-base:15.0.1] AndroidManifest.xml:22:5-27:19
MERGED from [com.google.android.gms:play-services-base:15.0.1] AndroidManifest.xml:22:5-27:19
MERGED from [com.google.android.gms:play-services-stats:15.0.1] AndroidManifest.xml:7:5-20
MERGED from [com.google.android.gms:play-services-stats:15.0.1] AndroidManifest.xml:7:5-20
MERGED from [com.google.android.gms:play-services-tasks:15.0.1] AndroidManifest.xml:7:5-20
MERGED from [com.google.android.gms:play-services-tasks:15.0.1] AndroidManifest.xml:7:5-20
MERGED from [com.google.android.gms:play-services-ads-identifier:15.0.1] AndroidManifest.xml:22:5-20
MERGED from [com.google.android.gms:play-services-ads-identifier:15.0.1] AndroidManifest.xml:22:5-20
MERGED from [com.google.android.gms:play-services-gass:15.0.1] AndroidManifest.xml:7:5-20
MERGED from [com.google.android.gms:play-services-gass:15.0.1] AndroidManifest.xml:7:5-20
MERGED from [com.google.android.gms:play-services-ads-lite:15.0.1] AndroidManifest.xml:26:5-34:19
MERGED from [com.google.android.gms:play-services-ads-lite:15.0.1] AndroidManifest.xml:26:5-34:19
MERGED from [com.google.android.gms:play-services-basement:15.0.1] AndroidManifest.xml:22:5-26:19
MERGED from [com.google.android.gms:play-services-basement:15.0.1] AndroidManifest.xml:22:5-26:19
MERGED from [com.tonyodev.fetch:fetch:1.1.5] AndroidManifest.xml:14:5-53
MERGED from [com.tonyodev.fetch:fetch:1.1.5] AndroidManifest.xml:14:5-53
MERGED from [com.google.android.gms:play-services-ads-base:15.0.1] AndroidManifest.xml:22:5-20
MERGED from [com.google.android.gms:play-services-ads-base:15.0.1] AndroidManifest.xml:22:5-20
	android:supportsRtl
		ADDED from src/main/AndroidManifest.xml:21:114-140
	android:label
		ADDED from src/main/AndroidManifest.xml:21:81-113
	android:hardwareAccelerated
		ADDED from src/main/AndroidManifest.xml:21:18-52
	tools:ignore
		ADDED from [com.evernote:android-job:1.2.0] AndroidManifest.xml:16:18-44
	android:allowBackup
		ADDED from [com.github.vungle:vungle-android-sdk:6.2.15] AndroidManifest.xml:16:9-35
	android:icon
		ADDED from src/main/AndroidManifest.xml:21:53-80
activity#com.anurag.hello.MainActivity
ADDED from src/main/AndroidManifest.xml:22:9-27:20
	android:label
		ADDED from src/main/AndroidManifest.xml:22:97-134
	android:launchMode
		ADDED from src/main/AndroidManifest.xml:22:135-165
	android:windowSoftInputMode
		ADDED from src/main/AndroidManifest.xml:22:257-299
	android:configChanges
		ADDED from src/main/AndroidManifest.xml:22:19-96
	android:theme
		ADDED from src/main/AndroidManifest.xml:22:194-256
	android:name
		ADDED from src/main/AndroidManifest.xml:22:166-193
intent-filter#action:name:android.intent.action.MAIN+category:name:android.intent.category.LAUNCHER
ADDED from src/main/AndroidManifest.xml:23:13-26:29
	android:label
		ADDED from src/main/AndroidManifest.xml:23:28-65
action#android.intent.action.MAIN
ADDED from src/main/AndroidManifest.xml:24:17-69
	android:name
		ADDED from src/main/AndroidManifest.xml:24:25-66
category#android.intent.category.LAUNCHER
ADDED from src/main/AndroidManifest.xml:25:17-77
	android:name
		ADDED from src/main/AndroidManifest.xml:25:27-74
uses-sdk
ADDED from src/main/AndroidManifest.xml:29:5-74
MERGED from [com.android.support:multidex:1.0.3] AndroidManifest.xml:20:5-43
MERGED from [com.android.support:multidex:1.0.3] AndroidManifest.xml:20:5-43
MERGED from [com.vdopia.ads.lw:cordova-plugin:1.0.6] AndroidManifest.xml:7:5-9:41
MERGED from [com.vdopia.ads.lw:cordova-plugin:1.0.6] AndroidManifest.xml:7:5-9:41
MERGED from [com.vdopia.ads.lw:coresdk:2.5.5.1] AndroidManifest.xml:7:5-9:41
MERGED from [com.vdopia.ads.lw:coresdk:2.5.5.1] AndroidManifest.xml:7:5-9:41
MERGED from [com.vdopia.ads.lw:adcolony-adapter:1.0.8] AndroidManifest.xml:7:5-9:41
MERGED from [com.vdopia.ads.lw:adcolony-adapter:1.0.8] AndroidManifest.xml:7:5-9:41
MERGED from [com.vdopia.ads.lw:applovin-adapter:1.0.9] AndroidManifest.xml:7:5-9:41
MERGED from [com.vdopia.ads.lw:applovin-adapter:1.0.9] AndroidManifest.xml:7:5-9:41
MERGED from [com.vdopia.ads.lw:baidu-adapter:1.0.6] AndroidManifest.xml:7:5-9:41
MERGED from [com.vdopia.ads.lw:baidu-adapter:1.0.6] AndroidManifest.xml:7:5-9:41
MERGED from [com.vdopia.ads.lw:chartboost-adapter:1.0.8] AndroidManifest.xml:7:5-9:41
MERGED from [com.vdopia.ads.lw:chartboost-adapter:1.0.8] AndroidManifest.xml:7:5-9:41
MERGED from [com.vdopia.ads.lw:facebook-adapter:1.0.6] AndroidManifest.xml:7:5-9:41
MERGED from [com.vdopia.ads.lw:facebook-adapter:1.0.6] AndroidManifest.xml:7:5-9:41
MERGED from [com.vdopia.ads.lw:google-adapter:1.1.0] AndroidManifest.xml:7:5-9:41
MERGED from [com.vdopia.ads.lw:google-adapter:1.1.0] AndroidManifest.xml:7:5-9:41
MERGED from [com.vdopia.ads.lw:inmobi-adapter:1.0.9] AndroidManifest.xml:8:5-10:41
MERGED from [com.vdopia.ads.lw:inmobi-adapter:1.0.9] AndroidManifest.xml:8:5-10:41
MERGED from [com.vdopia.ads.lw:mopub-adapter:1.0.9] AndroidManifest.xml:8:5-10:41
MERGED from [com.vdopia.ads.lw:mopub-adapter:1.0.9] AndroidManifest.xml:8:5-10:41
MERGED from [com.vdopia.ads.lw:ogury-adapter:1.0.5] AndroidManifest.xml:7:5-9:41
MERGED from [com.vdopia.ads.lw:ogury-adapter:1.0.5] AndroidManifest.xml:7:5-9:41
MERGED from [com.vdopia.ads.lw:youappi-adapter:1.0.6] AndroidManifest.xml:8:5-10:41